MPASM  5.03                      84COUNT .ASM   8-13-2012  11:34:36         PAGE  1


LOC  OBJECT CODE     LINE SOURCE TEXT
  VALUE

                      00001 
                      00002                       
                      00003          ;************************************************************            
                      00004                              ;COUNTER FOR FOUR DIGITS.
                      00005                             ;written by achala samapriya
                      00006                              ;started on 2006/04/08  
                      00007         ;**************************************************************
                      00008 
                      00009                 processor PIC16F84A     ;Set the processor
                      00010                                 radix hex               ;Set the radix
                      00011                                 #include <p16F84A.inc>  ;Include header file
                      00001         LIST
                      00002 ; P16F84A.INC  Standard Header File, Version 2.00    Microchip Technology, Inc.
                      00134         LIST
2007   3FFB           00012                 __CONFIG _RC_OSC & _PWRTE_OFF & _CP_OFF & _WDT_OFF
                      00013 
                      00014 
                      00015 
0000                  00016  ORG 0x00
0000   2805           00017         GOTO MAIN
0004                  00018  ORG 0X04
0004   2831           00019         GOTO INT_SER         
                      00020 
                      00021 
  0000000C            00022 DIS1       EQU   0CH
  0000000D            00023 DIS2       EQU   0DH
  0000000E            00024 DIS3       EQU   0EH
  0000000F            00025 DIS4       EQU   0FH  
  00000012            00026 DISPLAY1   EQU   12H
  00000013            00027 DISPLAY2   EQU   13H
  00000014            00028 DISPLAY3   EQU   14H
  00000015            00029 DISPLAY4   EQU   15H
                      00030    
0005                  00031 MAIN
0005   1683           00032    BANKSEL TRISA
Message[302]: Register in operand not in bank 0.  Ensure that bank bits are correct.
0006   0185           00033    CLRF TRISA
0007   3001           00034    MOVLW 0X01
Message[302]: Register in operand not in bank 0.  Ensure that bank bits are correct.
0008   0086           00035    MOVWF TRISB
0009   1283           00036    BANKSEL PORTA
000A   0185           00037    CLRF PORTA       ;SET BOTH AS OUT PUTS
000B   0186           00038    CLRF PORTB
                      00039 
000C   018C           00040  CLRF DIS1
000D   018D           00041  CLRF DIS2
000E   018E           00042  CLRF DIS3
000F   018F           00043  CLRF DIS4 
0010   0192           00044  CLRF DISPLAY1
0011   0193           00045  CLRF DISPLAY2
0012   0194           00046  CLRF DISPLAY3
0013   0195           00047  CLRF DISPLAY4 
                      00048                           
MPASM  5.03                      84COUNT .ASM   8-13-2012  11:34:36         PAGE  2


LOC  OBJECT CODE     LINE SOURCE TEXT
  VALUE

0014   307E           00049     MOVLW       b'01111110'
0015   0092           00050     MOVWF DISPLAY1
0016   0093           00051     MOVWF DISPLAY2
0017   0094           00052     MOVWF DISPLAY3
0018   0095           00053     MOVWF DISPLAY4
0019                  00054 SCAN1
                      00055 
0019   108B           00056     BCF INTCON,INTF
001A   160B           00057     BSF INTCON,INTE
001B   178B           00058     BSF INTCON,GIE
                      00059     
                      00060 
                      00061 
001C   0815           00062     MOVF DISPLAY4,0
001D   0086           00063     MOVWF PORTB
001E   1405           00064         BSF PORTA,0
001F   2079           00065     CALL DELAY
0020   1005           00066     BCF PORTA,0
                      00067    
                      00068   
0021   0814           00069     MOVF DISPLAY3,0
0022   0086           00070     MOVWF PORTB
0023   1485           00071         BSF PORTA,1
0024   2079           00072     CALL DELAY
0025   1085           00073     BCF PORTA,1
                      00074     
                      00075    
0026   0813           00076     MOVF DISPLAY2,0
0027   0086           00077     MOVWF PORTB
0028   1505           00078     BSF PORTA,2
0029   2079           00079     CALL DELAY
002A   1105           00080     BCF PORTA,2
                      00081    
                      00082    
002B   0812           00083     MOVF DISPLAY1,0
002C   0086           00084     MOVWF PORTB
002D   1585           00085         BSF PORTA,3
002E   2079           00086     CALL DELAY
002F   1185           00087     BCF PORTA,3
0030   2819           00088     GOTO SCAN1
0031                  00089 INT_SER
                      00090         
0031   1C8B           00091       BTFSS INTCON,INTF
0032   0009           00092       RETFIE
0033   0185           00093       CLRF PORTA
0034   0186           00094       CLRF PORTB 
0035   0A8C           00095       INCF DIS1,1
0036   300A           00096           MOVLW 0X0A
0037   020C           00097       SUBWF DIS1,0
0038   1D03           00098       BTFSS STATUS,Z
0039   283B           00099       GOTO SCC1
003A   283F           00100       GOTO SCC2
003B                  00101 SCC1
MPASM  5.03                      84COUNT .ASM   8-13-2012  11:34:36         PAGE  3


LOC  OBJECT CODE     LINE SOURCE TEXT
  VALUE

003B   080C           00102       MOVF DIS1,W
003C   206E           00103       CALL TABLE
003D   0092           00104       MOVWF DISPLAY1
003E   2819           00105       GOTO SCAN1 
003F                  00106 SCC2
003F   018C           00107       CLRF DIS1
0040   080C           00108       MOVF DIS1,W
0041   206E           00109       CALL TABLE
0042   0092           00110       MOVWF DISPLAY1 
0043   0A8D           00111       INCF DIS2,1
0044   300A           00112       MOVLW 0X0A
0045   020D           00113       SUBWF DIS2,0
0046   1D03           00114       BTFSS STATUS,Z
0047   2849           00115       GOTO SCC3
0048   284D           00116       GOTO SCC4
0049                  00117 SCC3
0049   080D           00118       MOVF DIS2,W
004A   206E           00119       CALL TABLE
004B   0093           00120       MOVWF DISPLAY2 
004C   2819           00121       GOTO SCAN1
004D                  00122 SCC4
004D   018D           00123       CLRF DIS2
004E   080D           00124       MOVF DIS2,W
004F   206E           00125       CALL TABLE
0050   0093           00126       MOVWF DISPLAY2
0051   0A8E           00127       INCF DIS3,1
0052   300A           00128           MOVLW 0X0A
0053   020E           00129       SUBWF DIS3,0
0054   1D03           00130       BTFSS STATUS,Z
0055   2857           00131       GOTO SCC5
0056   285B           00132       GOTO SCC6
0057                  00133 SCC5
0057   080E           00134       MOVF DIS3,W
0058   206E           00135       CALL TABLE
0059   0094           00136       MOVWF DISPLAY3 
005A   2819           00137       GOTO SCAN1
005B                  00138 SCC6 
005B   018E           00139       CLRF DIS3
005C   080E           00140       MOVF DIS3,W
005D   206E           00141       CALL TABLE
005E   0094           00142       MOVWF DISPLAY3
005F   0A8F           00143       INCF DIS4,1 
0060   300A           00144       MOVLW 0X0A
0061   020F           00145       SUBWF DIS4,0
0062   1D03           00146       BTFSS STATUS,Z
0063   2865           00147       GOTO SCC7
0064   2869           00148       GOTO SCC8
0065                  00149 SCC7   
0065   080F           00150       MOVF DIS4,W
0066   206E           00151       CALL TABLE
0067   0095           00152       MOVWF DISPLAY4 
0068   2819           00153       GOTO SCAN1 
0069                  00154 SCC8
MPASM  5.03                      84COUNT .ASM   8-13-2012  11:34:36         PAGE  4


LOC  OBJECT CODE     LINE SOURCE TEXT
  VALUE

0069   018F           00155       CLRF DIS4
006A   080F           00156       MOVF DIS4,W
006B   206E           00157       CALL TABLE
006C   0095           00158       MOVWF DISPLAY4
006D   2819           00159       GOTO SCAN1         
006E                  00160 TABLE       ;Data table for seven segments... 
                      00161   
006E   0782           00162         ADDWF PCL,1
                      00163      
                      00164         ;gfedcba
006F   347E           00165                 RETLW   b'01111110'
0070   340C           00166                 RETLW   b'00001100'
0071   34B6           00167                 RETLW   b'10110110'
0072   349E           00168                 RETLW   b'10011110'
0073   34CC           00169                 RETLW   b'11001100'
0074   34DA           00170                 RETLW   b'11011010'
0075   34FA           00171                 RETLW   b'11111010'
0076   340E           00172                 RETLW   b'00001110'
0077   34FE           00173                 RETLW   b'11111110'
0078   34DE           00174                 RETLW   b'11011110'
0079                  00175 DELAY
0079   3006           00176          MOVLW 06H ;DELAY FOR SCAN
007A   00B2           00177          MOVWF 32H
007B   0BB2           00178 S2       DECFSZ 32H,1
007C   287E           00179          GOTO DELAY2.1
007D   0008           00180          RETURN 
007E   3050           00181 DELAY2.1 MOVLW 50H
007F   00B3           00182          MOVWF 33H
0080   0BB3           00183 S1       DECFSZ 33H,1
0081   2880           00184                  GOTO S1        
0082   287B           00185          GOTO S2   
                      00186 
                      00187     END   
MPASM  5.03                      84COUNT .ASM   8-13-2012  11:34:36         PAGE  5


SYMBOL TABLE
  LABEL                             VALUE 

C                                 00000000
DC                                00000001
DELAY                             00000079
DELAY2.1                          0000007E
DIS1                              0000000C
DIS2                              0000000D
DIS3                              0000000E
DIS4                              0000000F
DISPLAY1                          00000012
DISPLAY2                          00000013
DISPLAY3                          00000014
DISPLAY4                          00000015
EEADR                             00000009
EECON1                            00000088
EECON2                            00000089
EEDATA                            00000008
EEIE                              00000006
EEIF                              00000004
F                                 00000001
FSR                               00000004
GIE                               00000007
INDF                              00000000
INTCON                            0000000B
INTE                              00000004
INTEDG                            00000006
INTF                              00000001
INT_SER                           00000031
IRP                               00000007
MAIN                              00000005
NOT_PD                            00000003
NOT_RBPU                          00000007
NOT_TO                            00000004
OPTION_REG                        00000081
PCL                               00000002
PCLATH                            0000000A
PORTA                             00000005
PORTB                             00000006
PS0                               00000000
PS1                               00000001
PS2                               00000002
PSA                               00000003
RBIE                              00000003
RBIF                              00000000
RD                                00000000
RP0                               00000005
RP1                               00000006
S1                                00000080
S2                                0000007B
SCAN1                             00000019
SCC1                              0000003B
SCC2                              0000003F
SCC3                              00000049
SCC4                              0000004D
MPASM  5.03                      84COUNT .ASM   8-13-2012  11:34:36         PAGE  6


SYMBOL TABLE
  LABEL                             VALUE 

SCC5                              00000057
SCC6                              0000005B
SCC7                              00000065
SCC8                              00000069
STATUS                            00000003
T0CS                              00000005
T0IE                              00000005
T0IF                              00000002
T0SE                              00000004
TABLE                             0000006E
TMR0                              00000001
TRISA                             00000085
TRISB                             00000086
W                                 00000000
WR                                00000001
WREN                              00000002
WRERR                             00000003
Z                                 00000002
_CP_OFF                           00003FFF
_CP_ON                            0000000F
_HS_OSC                           00003FFE
_LP_OSC                           00003FFC
_PWRTE_OFF                        00003FFF
_PWRTE_ON                         00003FF7
_RC_OSC                           00003FFF
_WDT_OFF                          00003FFB
_WDT_ON                           00003FFF
_XT_OSC                           00003FFD
__16F84A                          00000001


MEMORY USAGE MAP ('X' = Used,  '-' = Unused)

0000 : X---XXXXXXXXXXXX XXXXXXXXXXXXXXXX XXXXXXXXXXXXXXXX XXXXXXXXXXXXXXXX
0040 : XXXXXXXXXXXXXXXX XXXXXXXXXXXXXXXX XXXXXXXXXXXXXXXX XXXXXXXXXXXXXXXX
0080 : XXX------------- ---------------- ---------------- ----------------
2000 : -------X-------- ---------------- ---------------- ----------------

All other memory blocks unused.

Program Memory Words Used:   128
Program Memory Words Free:   896


Errors   :     0
Warnings :     0 reported,     0 suppressed
Messages :     2 reported,     0 suppressed

